Watching for file changes with StatReloader
[17/May/2021 06:14:15] "GET /get_request_peoplexskill?skill=PHP HTTP/1.1" 200 5833
[17/May/2021 06:24:07] "GET /get_request_peoplexskill?skill=PYTHON HTTP/1.1" 200 6870
[17/May/2021 06:27:54] "GET /get_request_peoplexskill?skill=PYTHON HTTP/1.1" 200 6870
[17/May/2021 06:28:41] "GET /get_request_peoplexskill?skill=PYTHON HTTP/1.1" 200 6870
[17/May/2021 06:31:22] "GET /get_request_peoplexskill?skill=PYTHON HTTP/1.1" 200 6870
[17/May/2021 06:32:04] "GET /get_request_peoplexskill?skill=PYTHON HTTP/1.1" 200 6870
[17/May/2021 06:35:12] "GET /get_request_peoplexskill?skill=PYTHON HTTP/1.1" 200 6870
[17/May/2021 06:35:18] "GET /get_request_peoplexskill?skill=PYTHON HTTP/1.1" 200 6870
[17/May/2021 06:35:51] "GET /get_request_peoplexskill?skill=PYTHON HTTP/1.1" 200 6870
[17/May/2021 06:38:13] "GET /get_request_peoplexskill?skill=PYTHON HTTP/1.1" 200 6870
[17/May/2021 06:39:02] "GET /get_request_peoplexskill?skill=PYTHON HTTP/1.1" 200 6870
[17/May/2021 06:41:35] "GET /get_request_peoplexskill?skill=PYTHON HTTP/1.1" 200 6870
[17/May/2021 06:43:59] "GET /get_request_peoplexskill?skill=PYTHON HTTP/1.1" 200 6870
[17/May/2021 06:46:02] "GET /get_request_peoplexskill?skill=PYTHON HTTP/1.1" 200 6870
[17/May/2021 06:47:20] "GET /get_request_peoplexskill?skill=PYTHON HTTP/1.1" 200 6870
[17/May/2021 06:49:08] "GET /get_request_peoplexskill?skill=PYTHON HTTP/1.1" 200 6870
[17/May/2021 06:53:44] "GET /get_request_peoplexskill?skill=PYTHON HTTP/1.1" 200 6870
/opt/torre-backend/geotorre/backend/views.py changed, reloading.
Performing system checks...

System check identified no issues (0 silenced).

You have 18 unapplied migration(s). Your project may not work properly until you apply the migrations for app(s): admin, auth, contenttypes, sessions.
Run 'python manage.py migrate' to apply them.
May 17, 2021 - 06:14:06
Django version 3.2.3, using settings 'geotorre.settings'
Starting development server at http://209.145.62.164:8000/
Quit the server with CONTROL-C.
Watching for file changes with StatReloader
[17/May/2021 07:04:47] "GET /get_request_peoplexskill?skill=PYTHON HTTP/1.1" 200 7220
